<?xml version="1.0" encoding="UTF-8"?>
<testng-results ignored="0" total="2" passed="2" failed="0" skipped="0">
  <reporter-output>
  </reporter-output>
  <suite started-at="2025-03-25T13:34:39 IST" name="Default suite" finished-at="2025-03-25T13:36:12 IST" duration-ms="93216">
    <groups>
    </groups>
    <test started-at="2025-03-25T13:34:39 IST" name="Default test" finished-at="2025-03-25T13:36:12 IST" duration-ms="93216">
      <class name="ui.test.HomePageTest">
        <test-method is-config="true" signature="setUp(java.lang.String,org.testng.ITestContext)[pri:0, instance:ui.test.HomePageTest@4de4b452]" started-at="2025-03-25T13:34:39 IST" name="setUp" finished-at="2025-03-25T13:34:40 IST" duration-ms="1535" status="PASS">
          <params>
            <param index="0">
              <value>
                <![CDATA[chrome]]>
              </value>
            </param>
            <param index="1">
              <value>
                <![CDATA[org.testng.TestRunner@51e0301d]]>
              </value>
            </param>
          </params>
          <reporter-output>
          </reporter-output>
        </test-method> <!-- setUp -->
        <test-method signature="verifyHomePage()[pri:0, instance:ui.test.HomePageTest@4de4b452]" started-at="2025-03-25T13:34:40 IST" name="verifyHomePage" finished-at="2025-03-25T13:34:50 IST" duration-ms="9656" status="PASS">
          <reporter-output>
          </reporter-output>
        </test-method> <!-- verifyHomePage -->
        <test-method is-config="true" signature="tearDown()[pri:0, instance:ui.test.HomePageTest@4de4b452]" started-at="2025-03-25T13:34:50 IST" name="tearDown" finished-at="2025-03-25T13:34:50 IST" duration-ms="172" status="PASS">
          <reporter-output>
          </reporter-output>
        </test-method> <!-- tearDown -->
        <test-method is-config="true" signature="setUp(java.lang.String,org.testng.ITestContext)[pri:0, instance:ui.test.HomePageTest@4de4b452]" started-at="2025-03-25T13:34:50 IST" name="setUp" finished-at="2025-03-25T13:34:51 IST" duration-ms="672" status="PASS">
          <params>
            <param index="0">
              <value>
                <![CDATA[chrome]]>
              </value>
            </param>
            <param index="1">
              <value>
                <![CDATA[org.testng.TestRunner@51e0301d]]>
              </value>
            </param>
          </params>
          <reporter-output>
          </reporter-output>
        </test-method> <!-- setUp -->
        <test-method signature="verifyHomePageUrl()[pri:0, instance:ui.test.HomePageTest@4de4b452]" started-at="2025-03-25T13:34:51 IST" name="verifyHomePageUrl" finished-at="2025-03-25T13:36:12 IST" duration-ms="80980" status="PASS">
          <reporter-output>
          </reporter-output>
        </test-method> <!-- verifyHomePageUrl -->
        <test-method is-config="true" signature="tearDown()[pri:0, instance:ui.test.HomePageTest@4de4b452]" started-at="2025-03-25T13:36:12 IST" name="tearDown" finished-at="2025-03-25T13:36:12 IST" duration-ms="162" status="PASS">
          <reporter-output>
          </reporter-output>
        </test-method> <!-- tearDown -->
      </class> <!-- ui.test.HomePageTest -->
    </test> <!-- Default test -->
  </suite> <!-- Default suite -->
</testng-results>
